<?xml version="1.0" encoding="UTF-8"?>
<!-- Generated by org.testng.reporters.JUnitReportReporter -->
<testsuite hostname="TORANA-L115" failures="0" tests="1" name="Test_Pack.LoginTest" time="5.998" errors="0" timestamp="2024-03-27T16:51:57 IST" skipped="0">
  <testcase classname="Test_Pack.LoginTest" name="loginTest" time="5.998"/>
  <system-out/>
</testsuite> <!-- Test_Pack.LoginTest -->
