<?xml version="1.0" encoding="UTF-8"?>
<!-- Generated by org.testng.reporters.JUnitReportReporter -->
<testsuite hostname="TORANA-L115" failures="0" tests="1" name="Test_Pack.LoginTest" time="6.526" errors="0" timestamp="2024-04-10T15:36:25 IST" skipped="0">
  <testcase classname="Test_Pack.LoginTest" name="loginTest" time="6.526"/>
  <system-out/>
</testsuite> <!-- Test_Pack.LoginTest -->
