<?xml version="1.0" encoding="UTF-8"?>
<!-- Generated by org.testng.reporters.JUnitReportReporter -->
<testsuite hostname="TORANA-L009" failures="0" tests="1" name="Test_Pack.Class" time="6.598" errors="0" timestamp="2024-02-21T18:03:10 IST" skipped="0">
  <testcase classname="Test_Pack.Class" name="testDropdown" time="6.598"/>
  <system-out/>
</testsuite> <!-- Test_Pack.Class -->
