<?xml version="1.0" encoding="UTF-8"?>
<!-- Generated by org.testng.reporters.JUnitReportReporter -->
<testsuite hostname="TORANA-L115" failures="0" tests="2" name="Test_Pack.CreateUserTest" time="6.831" errors="0" timestamp="2024-04-19T10:39:33 IST" skipped="0">
  <testcase classname="Test_Pack.CreateUserTest" name="loginTest" time="2.585"/>
  <system-out/>
  <testcase classname="Test_Pack.CreateUserTest" name="createUser" time="4.246"/>
  <system-out/>
</testsuite> <!-- Test_Pack.CreateUserTest -->
