<?xml version="1.0" encoding="UTF-8"?>
<!-- Generated by org.testng.reporters.JUnitReportReporter -->
<testsuite hostname="TORANA-L009" failures="0" tests="1" name="Test_Pack.RestAssured" time="3.922" errors="0" timestamp="2024-01-11T14:40:27 IST" skipped="0">
  <testcase classname="Test_Pack.RestAssured" name="Test" time="3.922"/>
  <system-out/>
</testsuite> <!-- Test_Pack.RestAssured -->
