<?xml version="1.0" encoding="UTF-8"?>
<!-- Generated by org.testng.reporters.JUnitReportReporter -->
<testsuite hostname="TORANA-L115" failures="0" tests="2" name="Test_Pack.CreateUserTest" time="9.778" errors="0" timestamp="2024-03-27T18:31:01 IST" skipped="0">
  <testcase classname="Test_Pack.CreateUserTest" name="loginTest" time="5.316"/>
  <system-out/>
  <testcase classname="Test_Pack.CreateUserTest" name="createUser" time="4.462"/>
  <system-out/>
</testsuite> <!-- Test_Pack.CreateUserTest -->
